[2025-02-11T02:17:40.817+0000] {local_task_job_runner.py:123} INFO - ::group::Pre task execution logs
[2025-02-11T02:17:40.836+0000] {taskinstance.py:2613} INFO - Dependencies all met for dep_context=non-requeueable deps ti=<TaskInstance: dag_to_scrape_and_upload.test_dbt_curl manual__2025-02-11T02:17:39.271784+00:00 [queued]>
[2025-02-11T02:17:40.848+0000] {taskinstance.py:2613} INFO - Dependencies all met for dep_context=requeueable deps ti=<TaskInstance: dag_to_scrape_and_upload.test_dbt_curl manual__2025-02-11T02:17:39.271784+00:00 [queued]>
[2025-02-11T02:17:40.849+0000] {taskinstance.py:2866} INFO - Starting attempt 1 of 1
[2025-02-11T02:17:40.870+0000] {taskinstance.py:2889} INFO - Executing <Task(BashOperator): test_dbt_curl> on 2025-02-11 02:17:39.271784+00:00
[2025-02-11T02:17:40.879+0000] {warnings.py:112} WARNING - /home/***/.local/lib/python3.12/site-packages/***/task/task_runner/standard_task_runner.py:70: DeprecationWarning: This process (pid=1013) is multi-threaded, use of fork() may lead to deadlocks in the child.
  pid = os.fork()

[2025-02-11T02:17:40.880+0000] {standard_task_runner.py:72} INFO - Started process 1014 to run task
[2025-02-11T02:17:40.881+0000] {standard_task_runner.py:104} INFO - Running: ['***', 'tasks', 'run', 'dag_to_scrape_and_upload', 'test_dbt_curl', 'manual__2025-02-11T02:17:39.271784+00:00', '--job-id', '96', '--raw', '--subdir', 'DAGS_FOLDER/scrape_upload_dag.py', '--cfg-path', '/tmp/tmp7ltuwwbg']
[2025-02-11T02:17:40.883+0000] {standard_task_runner.py:105} INFO - Job 96: Subtask test_dbt_curl
[2025-02-11T02:17:40.956+0000] {task_command.py:467} INFO - Running <TaskInstance: dag_to_scrape_and_upload.test_dbt_curl manual__2025-02-11T02:17:39.271784+00:00 [running]> on host ecdf8258250e
[2025-02-11T02:17:41.053+0000] {taskinstance.py:3132} INFO - Exporting env vars: AIRFLOW_CTX_DAG_OWNER='***' AIRFLOW_CTX_DAG_ID='dag_to_scrape_and_upload' AIRFLOW_CTX_TASK_ID='test_dbt_curl' AIRFLOW_CTX_EXECUTION_DATE='2025-02-11T02:17:39.271784+00:00' AIRFLOW_CTX_TRY_NUMBER='1' AIRFLOW_CTX_DAG_RUN_ID='manual__2025-02-11T02:17:39.271784+00:00'
[2025-02-11T02:17:41.055+0000] {taskinstance.py:731} INFO - ::endgroup::
[2025-02-11T02:17:41.068+0000] {subprocess.py:78} INFO - Tmp dir root location: /tmp
[2025-02-11T02:17:41.071+0000] {subprocess.py:88} INFO - Running command: ['/usr/bin/bash', '-c', '\n            curl -X POST "https://bn544.us1.dbt.com/api/v2/accounts/70471823424708/jobs/70471823425377/run/"             -H "Authorization: Token dbtu_aSKjCT4DBp7NVMX7ZIOj9Meosndn7W8Y2pD3K--X3a-v_pArxA"             -H "Content-Type: application/json"             -d \'{\n                    "cause": "Triggered via API",\n                    "steps_override": ["dbt run --select raw.sub --vars \'{"year":"2024", "qtr": "4"}"]\n                    }\'\n\n                ']
[2025-02-11T02:17:41.086+0000] {subprocess.py:99} INFO - Output:
[2025-02-11T02:17:41.089+0000] {subprocess.py:106} INFO - /usr/bin/bash: -c: line 4: unexpected EOF while looking for matching `"'
[2025-02-11T02:17:41.091+0000] {subprocess.py:110} INFO - Command exited with return code 2
[2025-02-11T02:17:41.103+0000] {taskinstance.py:3311} ERROR - Task failed with exception
Traceback (most recent call last):
  File "/home/airflow/.local/lib/python3.12/site-packages/airflow/models/taskinstance.py", line 767, in _execute_task
    result = _execute_callable(context=context, **execute_callable_kwargs)
             ^^^^^^^^^^^^^^^^^^^^^^^^^^^^^^^^^^^^^^^^^^^^^^^^^^^^^^^^^^^^^
  File "/home/airflow/.local/lib/python3.12/site-packages/airflow/models/taskinstance.py", line 733, in _execute_callable
    return ExecutionCallableRunner(
           ^^^^^^^^^^^^^^^^^^^^^^^^
  File "/home/airflow/.local/lib/python3.12/site-packages/airflow/utils/operator_helpers.py", line 252, in run
    return self.func(*args, **kwargs)
           ^^^^^^^^^^^^^^^^^^^^^^^^^^
  File "/home/airflow/.local/lib/python3.12/site-packages/airflow/models/baseoperator.py", line 422, in wrapper
    return func(self, *args, **kwargs)
           ^^^^^^^^^^^^^^^^^^^^^^^^^^^
  File "/home/airflow/.local/lib/python3.12/site-packages/airflow/operators/bash.py", line 276, in execute
    raise AirflowException(
airflow.exceptions.AirflowException: Bash command failed. The command returned a non-zero exit code 2.
[2025-02-11T02:17:41.109+0000] {taskinstance.py:1225} INFO - Marking task as FAILED. dag_id=dag_to_scrape_and_upload, task_id=test_dbt_curl, run_id=manual__2025-02-11T02:17:39.271784+00:00, execution_date=20250211T021739, start_date=20250211T021740, end_date=20250211T021741
[2025-02-11T02:17:41.124+0000] {taskinstance.py:340} INFO - ::group::Post task execution logs
[2025-02-11T02:17:41.125+0000] {standard_task_runner.py:124} ERROR - Failed to execute job 96 for task test_dbt_curl (Bash command failed. The command returned a non-zero exit code 2.; 1014)
Traceback (most recent call last):
  File "/home/airflow/.local/lib/python3.12/site-packages/airflow/task/task_runner/standard_task_runner.py", line 117, in _start_by_fork
    ret = args.func(args, dag=self.dag)
          ^^^^^^^^^^^^^^^^^^^^^^^^^^^^^
  File "/home/airflow/.local/lib/python3.12/site-packages/airflow/cli/cli_config.py", line 49, in command
    return func(*args, **kwargs)
           ^^^^^^^^^^^^^^^^^^^^^
  File "/home/airflow/.local/lib/python3.12/site-packages/airflow/utils/cli.py", line 116, in wrapper
    return f(*args, **kwargs)
           ^^^^^^^^^^^^^^^^^^
  File "/home/airflow/.local/lib/python3.12/site-packages/airflow/cli/commands/task_command.py", line 483, in task_run
    task_return_code = _run_task_by_selected_method(args, _dag, ti)
                       ^^^^^^^^^^^^^^^^^^^^^^^^^^^^^^^^^^^^^^^^^^^^
  File "/home/airflow/.local/lib/python3.12/site-packages/airflow/cli/commands/task_command.py", line 256, in _run_task_by_selected_method
    return _run_raw_task(args, ti)
           ^^^^^^^^^^^^^^^^^^^^^^^
  File "/home/airflow/.local/lib/python3.12/site-packages/airflow/cli/commands/task_command.py", line 341, in _run_raw_task
    return ti._run_raw_task(
           ^^^^^^^^^^^^^^^^^
  File "/home/airflow/.local/lib/python3.12/site-packages/airflow/utils/session.py", line 97, in wrapper
    return func(*args, session=session, **kwargs)
           ^^^^^^^^^^^^^^^^^^^^^^^^^^^^^^^^^^^^^^
  File "/home/airflow/.local/lib/python3.12/site-packages/airflow/models/taskinstance.py", line 3005, in _run_raw_task
    return _run_raw_task(
           ^^^^^^^^^^^^^^
  File "/home/airflow/.local/lib/python3.12/site-packages/airflow/models/taskinstance.py", line 273, in _run_raw_task
    TaskInstance._execute_task_with_callbacks(
  File "/home/airflow/.local/lib/python3.12/site-packages/airflow/models/taskinstance.py", line 3159, in _execute_task_with_callbacks
    result = self._execute_task(context, task_orig)
             ^^^^^^^^^^^^^^^^^^^^^^^^^^^^^^^^^^^^^^
  File "/home/airflow/.local/lib/python3.12/site-packages/airflow/models/taskinstance.py", line 3183, in _execute_task
    return _execute_task(self, context, task_orig)
           ^^^^^^^^^^^^^^^^^^^^^^^^^^^^^^^^^^^^^^^
  File "/home/airflow/.local/lib/python3.12/site-packages/airflow/models/taskinstance.py", line 767, in _execute_task
    result = _execute_callable(context=context, **execute_callable_kwargs)
             ^^^^^^^^^^^^^^^^^^^^^^^^^^^^^^^^^^^^^^^^^^^^^^^^^^^^^^^^^^^^^
  File "/home/airflow/.local/lib/python3.12/site-packages/airflow/models/taskinstance.py", line 733, in _execute_callable
    return ExecutionCallableRunner(
           ^^^^^^^^^^^^^^^^^^^^^^^^
  File "/home/airflow/.local/lib/python3.12/site-packages/airflow/utils/operator_helpers.py", line 252, in run
    return self.func(*args, **kwargs)
           ^^^^^^^^^^^^^^^^^^^^^^^^^^
  File "/home/airflow/.local/lib/python3.12/site-packages/airflow/models/baseoperator.py", line 422, in wrapper
    return func(self, *args, **kwargs)
           ^^^^^^^^^^^^^^^^^^^^^^^^^^^
  File "/home/airflow/.local/lib/python3.12/site-packages/airflow/operators/bash.py", line 276, in execute
    raise AirflowException(
airflow.exceptions.AirflowException: Bash command failed. The command returned a non-zero exit code 2.
[2025-02-11T02:17:41.139+0000] {local_task_job_runner.py:266} INFO - Task exited with return code 1
[2025-02-11T02:17:41.161+0000] {taskinstance.py:3895} INFO - 0 downstream tasks scheduled from follow-on schedule check
[2025-02-11T02:17:41.165+0000] {local_task_job_runner.py:245} INFO - ::endgroup::
